[35m[Appium][39m Welcome to Appium v2.5.0
[35m[Appium][39m Non-default server args:
[35m[Appium][39m { basePath: [32m'/wd/hub'[39m, loglevel: [32m'info'[39m, port: [33m60966[39m }
[35m[Appium][39m Attempting to load driver uiautomator2...
[Appium] Appium REST http interface listener started on http://0.0.0.0:60966/wd/hub
[Appium] You can provide the following URLs in your client code to connect to this server:
[Appium] 	http://127.0.0.1:60966/wd/hub (only accessible from the same host)
[Appium] 	http://172.16.213.177:60966/wd/hub
[Appium] Available drivers:
[Appium]   - uiautomator2@3.0.0 (automationName 'UiAutomator2')
[Appium] No plugins have been installed. Use the "appium plugin" command to install the one(s) you want to use.
[38;5;0m[HTTP][0m [37m-->[39m [37mGET[39m [37m/wd/hub/status[39m
[38;5;0m[HTTP][0m {}
[38;5;0m[HTTP][0m <-- GET /wd/hub/status 200 2 ms - 110
[38;5;0m[HTTP][0m 
[38;5;0m[HTTP][0m [37m-->[39m [37mGET[39m [37m/wd/hub/status[39m
[38;5;0m[HTTP][0m {}
[38;5;0m[HTTP][0m <-- GET /wd/hub/status 200 0 ms - 110
[38;5;0m[HTTP][0m 
[38;5;0m[HTTP][0m [37m-->[39m [37mPOST[39m [37m/wd/hub/session[39m
[38;5;0m[HTTP][0m {"desiredCapabilities":{"appium:systemPort":60978,"appium:newCommandTimeout":1800,"appium:automationName":"uiautomator2","appium:fullReset":false,"appium:platformVersion":"14","appium:noReset":true,"appium:udid":"emulator-5554","appium:autoGrantPermissions":true,"appium:platformName":"ANDROID","appium:deviceName":"emulator-5554 (sdk_gphone64_arm64 - Android 14)","platformName":"Android","appium:app":"/Users/farizsidik/Downloads/Solodroid_E-CommerceApp Demo_3.2.0.apk"},"capabilities":{"firstMatch":[{"appium:app":"/Users/farizsidik/Downloads/Solodroid_E-CommerceApp Demo_3.2.0.apk","appium:autoGrantPermissions":true,"appium:automationName":"uiautomator2","appium:deviceName":"emulator-5554 (sdk_gphone64_arm64 - Android 14)","appium:fullReset":false,"appium:newCommandTimeout":1800,"appium:noReset":true,"appium:platformName":"ANDROID","appium:platformVersion":"14","appium:systemPort":60978,"appium:udid":"emulator-5554","platformName":"android"}]}}
[38;5;32m[BaseDriver][0m Ignoring capability 'appium:platformName=ANDROID' and using capability 'platformName=android'
[38;5;32m[BaseDriver][0m The capabilities ["platformName"] are standard capabilities and do not require "appium:" prefix
[Appium] Attempting to find matching driver for automationName 'uiautomator2' and platformName 'android'
[Appium] The 'uiautomator2' driver was installed and matched caps.
[Appium] Will require it at /Users/farizsidik/.appium/node_modules/appium-uiautomator2-driver
[38;5;16m[AppiumDriver@c794][0m Appium v2.5.0 creating new AndroidUiautomator2Driver (v3.0.0) session
[38;5;16m[AppiumDriver@c794][0m Checking BaseDriver versions for Appium and AndroidUiautomator2Driver
[38;5;16m[AppiumDriver@c794][0m Appium's BaseDriver version is 9.5.1
[38;5;16m[AppiumDriver@c794][0m AndroidUiautomator2Driver's BaseDriver version is 9.5.1
[38;5;48m[AndroidUiautomator2Driver@19a9 (d401e0e6)][0m Session created with session id: d401e0e6-fdd8-4e84-aa21-7ad4f1901d86
[38;5;64m[ADB][0m Found 1 'build-tools' folders under '/Users/farizsidik/.katalon/tools/android_sdk' (newest first):
[38;5;64m[ADB][0m     /Users/farizsidik/.katalon/tools/android_sdk/build-tools/29.0.3
[38;5;64m[ADB][0m Using 'adb' from '/Users/farizsidik/.katalon/tools/android_sdk/platform-tools/adb'
[38;5;48m[AndroidUiautomator2Driver@19a9 (d401e0e6)][0m Retrieving device list
[38;5;48m[AndroidUiautomator2Driver@19a9 (d401e0e6)][0m Using device: emulator-5554
[38;5;64m[ADB][0m Using 'adb' from '/Users/farizsidik/.katalon/tools/android_sdk/platform-tools/adb'
[38;5;32m[BaseDriver][0m Using local app '/Users/farizsidik/Downloads/Solodroid_E-CommerceApp Demo_3.2.0.apk'
[38;5;64m[ADB][0m Getting device platform version
[38;5;48m[AndroidUiautomator2Driver@19a9 (d401e0e6)][0m Relaxing hidden api policy
[38;5;64m[ADB][0m Package name: 'com.solodroid.solomerce'
[38;5;64m[ADB][0m Main activity name: 'com.solodroid.solomerce.activities.ActivitySplash'
[38;5;64m[ADB][0m Using 'apksigner.jar' from '/Users/farizsidik/.katalon/tools/android_sdk/build-tools/29.0.3/lib/apksigner.jar'
[38;5;64m[ADB][0m '/Users/farizsidik/.appium/node_modules/appium-uiautomator2-driver/node_modules/appium-uiautomator2-server/apks/appium-uiautomator2-server-debug-androidTest.apk' is signed with the default certificate
[38;5;64m[ADB][0m '/Users/farizsidik/Downloads/Solodroid_E-CommerceApp Demo_3.2.0.apk' is signed with a non-default certificate
[38;5;64m[ADB][0m The application at '/Users/farizsidik/Downloads/Solodroid_E-CommerceApp Demo_3.2.0.apk' will not be cached, because the device under test has confirmed the support of streamed installs
[38;5;64m[ADB][0m '/Users/farizsidik/.appium/node_modules/appium-uiautomator2-driver/node_modules/appium-uiautomator2-server/apks/appium-uiautomator2-server-v7.0.0.apk' is signed with the default certificate
[38;5;48m[AndroidUiautomator2Driver@19a9 (d401e0e6)][0m Server packages are not going to be (re)installed
[38;5;64m[ADB][0m Adding packages ["io.appium.settings","io.appium.uiautomator2.server","io.appium.uiautomator2.server.test"] to Doze whitelist
[38;5;64m[ADB][0m The installation of 'Solodroid_E-CommerceApp Demo_3.2.0.apk' took 1017ms
[38;5;48m[AndroidUiautomator2Driver@19a9 (d401e0e6)][0m Starting UIAutomator2 server 7.0.0
[38;5;48m[AndroidUiautomator2Driver@19a9 (d401e0e6)][0m Using UIAutomator2 server from '/Users/farizsidik/.appium/node_modules/appium-uiautomator2-driver/node_modules/appium-uiautomator2-server/apks/appium-uiautomator2-server-v7.0.0.apk' and test from '/Users/farizsidik/.appium/node_modules/appium-uiautomator2-driver/node_modules/appium-uiautomator2-server/apks/appium-uiautomator2-server-debug-androidTest.apk'
[38;5;48m[AndroidUiautomator2Driver@19a9 (d401e0e6)][0m Waiting up to 30000ms for UiAutomator2 to be online...
[38;5;48m[AndroidUiautomator2Driver@19a9 (d401e0e6)][0m socket hang up
[38;5;48m[AndroidUiautomator2Driver@19a9 (d401e0e6)][0m socket hang up
[38;5;48m[AndroidUiautomator2Driver@19a9 (d401e0e6)][0m socket hang up
[38;5;48m[AndroidUiautomator2Driver@19a9 (d401e0e6)][0m Determined the downstream protocol as 'W3C'
[38;5;48m[AndroidUiautomator2Driver@19a9 (d401e0e6)][0m Screen already unlocked, doing nothing
[38;5;48m[AndroidUiautomator2Driver@19a9 (d401e0e6)][0m Starting 'com.solodroid.solomerce/com.solodroid.solomerce.activities.ActivitySplash and waiting for 'com.solodroid.solomerce/com.solodroid.solomerce.activities.ActivitySplash'
[38;5;16m[AppiumDriver@c794][0m New AndroidUiautomator2Driver session created successfully, session d401e0e6-fdd8-4e84-aa21-7ad4f1901d86 added to master session list
[38;5;0m[HTTP][0m <-- POST /wd/hub/session 200 6596 ms - 1254
[38;5;0m[HTTP][0m 
[38;5;0m[HTTP][0m [37m-->[39m [37mGET[39m [37m/wd/hub/session/d401e0e6-fdd8-4e84-aa21-7ad4f1901d86[39m
[38;5;0m[HTTP][0m {}
[38;5;0m[HTTP][0m <-- GET /wd/hub/session/d401e0e6-fdd8-4e84-aa21-7ad4f1901d86 200 141 ms - 379
[38;5;0m[HTTP][0m 
[38;5;0m[HTTP][0m [37m-->[39m [37mGET[39m [37m/wd/hub/session/d401e0e6-fdd8-4e84-aa21-7ad4f1901d86[39m
[38;5;0m[HTTP][0m {}
[38;5;0m[HTTP][0m <-- GET /wd/hub/session/d401e0e6-fdd8-4e84-aa21-7ad4f1901d86 200 51 ms - 379
[38;5;0m[HTTP][0m 
[38;5;0m[HTTP][0m [37m-->[39m [37mGET[39m [37m/wd/hub/status[39m
[38;5;0m[HTTP][0m {}
[38;5;0m[HTTP][0m <-- GET /wd/hub/status 200 2 ms - 110
[38;5;0m[HTTP][0m 
[38;5;0m[HTTP][0m [37m-->[39m [37mPOST[39m [37m/wd/hub/session/d401e0e6-fdd8-4e84-aa21-7ad4f1901d86/timeouts[39m
[38;5;0m[HTTP][0m {"implicit":60000}
[38;5;0m[HTTP][0m <-- POST /wd/hub/session/d401e0e6-fdd8-4e84-aa21-7ad4f1901d86/timeouts 200 3 ms - 14
[38;5;0m[HTTP][0m 
[38;5;0m[HTTP][0m [37m-->[39m [37mGET[39m [37m/wd/hub/session/d401e0e6-fdd8-4e84-aa21-7ad4f1901d86/source[39m
[38;5;0m[HTTP][0m {}
[38;5;48m[AndroidUiautomator2Driver@19a9 (d401e0e6)][0m Driver proxy active, passing request on via HTTP proxy
[38;5;48m[AndroidUiautomator2Driver@19a9 (d401e0e6)][0m Replacing sessionId 512759a0-f80e-4712-87c5-7b1023345138 with d401e0e6-fdd8-4e84-aa21-7ad4f1901d86
[38;5;0m[HTTP][0m <-- GET /wd/hub/session/d401e0e6-fdd8-4e84-aa21-7ad4f1901d86/source 200 645 ms - 4092
[38;5;0m[HTTP][0m 
[38;5;0m[HTTP][0m [37m-->[39m [37mGET[39m [37m/wd/hub/session/d401e0e6-fdd8-4e84-aa21-7ad4f1901d86/screenshot[39m
[38;5;0m[HTTP][0m {}
[38;5;0m[HTTP][0m <-- GET /wd/hub/session/d401e0e6-fdd8-4e84-aa21-7ad4f1901d86/screenshot 200 454 ms - 320332
[38;5;0m[HTTP][0m 
[38;5;0m[HTTP][0m [37m-->[39m [37mGET[39m [37m/wd/hub/session/d401e0e6-fdd8-4e84-aa21-7ad4f1901d86/source[39m
[38;5;0m[HTTP][0m {}
[38;5;48m[AndroidUiautomator2Driver@19a9 (d401e0e6)][0m Driver proxy active, passing request on via HTTP proxy
[38;5;48m[AndroidUiautomator2Driver@19a9 (d401e0e6)][0m Replacing sessionId 512759a0-f80e-4712-87c5-7b1023345138 with d401e0e6-fdd8-4e84-aa21-7ad4f1901d86
[38;5;0m[HTTP][0m <-- GET /wd/hub/session/d401e0e6-fdd8-4e84-aa21-7ad4f1901d86/source 200 142 ms - 34524
[38;5;0m[HTTP][0m 
[38;5;0m[HTTP][0m [37m-->[39m [37mGET[39m [37m/wd/hub/session/d401e0e6-fdd8-4e84-aa21-7ad4f1901d86/screenshot[39m
[38;5;0m[HTTP][0m {}
[38;5;0m[HTTP][0m <-- GET /wd/hub/session/d401e0e6-fdd8-4e84-aa21-7ad4f1901d86/screenshot 200 789 ms - 1564604
[38;5;0m[HTTP][0m 
[38;5;0m[HTTP][0m [37m-->[39m [37mGET[39m [37m/wd/hub/session/d401e0e6-fdd8-4e84-aa21-7ad4f1901d86/source[39m
[38;5;0m[HTTP][0m {}
[38;5;48m[AndroidUiautomator2Driver@19a9 (d401e0e6)][0m Driver proxy active, passing request on via HTTP proxy
[38;5;48m[AndroidUiautomator2Driver@19a9 (d401e0e6)][0m Replacing sessionId 512759a0-f80e-4712-87c5-7b1023345138 with d401e0e6-fdd8-4e84-aa21-7ad4f1901d86
[38;5;0m[HTTP][0m <-- GET /wd/hub/session/d401e0e6-fdd8-4e84-aa21-7ad4f1901d86/source 200 69 ms - 7332
[38;5;0m[HTTP][0m 
[38;5;0m[HTTP][0m [37m-->[39m [37mGET[39m [37m/wd/hub/session/d401e0e6-fdd8-4e84-aa21-7ad4f1901d86/screenshot[39m
[38;5;0m[HTTP][0m {}
[38;5;0m[HTTP][0m <-- GET /wd/hub/session/d401e0e6-fdd8-4e84-aa21-7ad4f1901d86/screenshot 200 236 ms - 162404
[38;5;0m[HTTP][0m 
[38;5;0m[HTTP][0m [37m-->[39m [37mPOST[39m [37m/wd/hub/session/d401e0e6-fdd8-4e84-aa21-7ad4f1901d86/elements[39m
[38;5;0m[HTTP][0m {"using":"xpath","value":"//*[@class = 'android.widget.Button' and (@text = 'OK' or . = 'OK') and @resource-id = 'android:id/button1']"}
[38;5;0m[HTTP][0m <-- POST /wd/hub/session/d401e0e6-fdd8-4e84-aa21-7ad4f1901d86/elements 200 320 ms - 139
[38;5;0m[HTTP][0m 
